Build started 19.04.2013 0:04:02.
     1>Project "C:\Users\xunter\Documents\Education\ma_diser\practice\HemingModelingTool\HemingModelingTool\HemingModelingTool.vcxproj" on node 2 (build target(s)).
     1>InitializeBuildStatus:
         Touching "Debug\HemingModelingTool.unsuccessfulbuild".
       ClCompile:
         All outputs are up-to-date.
         C:\Program Files (x86)\Microsoft Visual Studio 10.0\VC\bin\CL.exe /c /ZI /nologo /W3 /WX- /Od /Oy- /D WIN32 /D _DEBUG /D _CONSOLE /D _UNICODE /D UNICODE /Gm /EHsc /RTC1 /MDd /GS /fp:precise /Zc:wchar_t /Zc:forScope /Yu"StdAfx.h" /Fp"Debug\HemingModelingTool.pch" /Fo"Debug\\" /Fd"Debug\vc100.pdb" /Gd /TP /analyze- /errorReport:prompt ByteUtil.cpp
         ByteUtil.cpp
     1>c:\users\xunter\documents\education\ma_diser\practice\hemingmodelingtool\hemingmodelingtool\byteutil.cpp(6): warning C4244: 'return' : conversion from 'float' to 'int', possible loss of data
       ManifestResourceCompile:
         All outputs are up-to-date.
       Link:
         C:\Program Files (x86)\Microsoft Visual Studio 10.0\VC\bin\link.exe /ERRORREPORT:PROMPT /OUT:"C:\Users\xunter\Documents\Education\ma_diser\practice\HemingModelingTool\Debug\HemingModelingTool.exe" /INCREMENTAL /NOLOGO kernel32.lib user32.lib gdi32.lib winspool.lib comdlg32.lib advapi32.lib shell32.lib ole32.lib oleaut32.lib uuid.lib odbc32.lib odbccp32.lib /MANIFEST /ManifestFile:"Debug\HemingModelingTool.exe.intermediate.manifest" /MANIFESTUAC:"level='asInvoker' uiAccess='false'" /DEBUG /PDB:"C:\Users\xunter\Documents\Education\ma_diser\practice\HemingModelingTool\Debug\HemingModelingTool.pdb" /SUBSYSTEM:CONSOLE /TLBID:1 /DYNAMICBASE /NXCOMPAT /IMPLIB:"C:\Users\xunter\Documents\Education\ma_diser\practice\HemingModelingTool\Debug\HemingModelingTool.lib" /MACHINE:X86 Debug\HemingModelingTool.exe.embed.manifest.res
         Debug\BaseClass.obj
         Debug\BinaryMatrix.obj
         Debug\ByteUtil.obj
         Debug\Coder.obj
         Debug\DataBlockGenerator.obj
         Debug\FakeCoder.obj
         Debug\MainEntryPoint.obj
         Debug\HemmingCoder.obj
         Debug\PMatrixColGenerator.obj
         Debug\RandomDataBlockGenerator.obj
         Debug\stdafx.obj
         LINK : C:\Users\xunter\Documents\Education\ma_diser\practice\HemingModelingTool\Debug\HemingModelingTool.exe not found or not built by the last incremental link; performing full link
       Manifest:
         C:\Program Files (x86)\Microsoft SDKs\Windows\v7.0A\bin\mt.exe /nologo /verbose /out:"Debug\HemingModelingTool.exe.embed.manifest" /manifest Debug\HemingModelingTool.exe.intermediate.manifest
         All outputs are up-to-date.
       LinkEmbedManifest:
         All outputs are up-to-date.
         HemingModelingTool.vcxproj -> C:\Users\xunter\Documents\Education\ma_diser\practice\HemingModelingTool\Debug\HemingModelingTool.exe
       FinalizeBuildStatus:
         Deleting file "Debug\HemingModelingTool.unsuccessfulbuild".
         Touching "Debug\HemingModelingTool.lastbuildstate".
     1>Done Building Project "C:\Users\xunter\Documents\Education\ma_diser\practice\HemingModelingTool\HemingModelingTool\HemingModelingTool.vcxproj" (build target(s)).

Build succeeded.

Time Elapsed 00:00:01.54
