C:\USERS\XUNTER\DOCUMENTS\EDUCATION\MA_DISER\PRACTICE\HEMINGMODELINGTOOL\DEBUG\HEMINGMODELINGTOOL.EXE
C:\USERS\XUNTER\DOCUMENTS\EDUCATION\MA_DISER\PRACTICE\HEMINGMODELINGTOOL\DEBUG\HEMINGMODELINGTOOL.ILK
C:\USERS\XUNTER\DOCUMENTS\EDUCATION\MA_DISER\PRACTICE\HEMINGMODELINGTOOL\DEBUG\HEMINGMODELINGTOOL.PDB
C:\USERS\XUNTER\DOCUMENTS\EDUCATION\MA_DISER\PRACTICE\HEMINGMODELINGTOOL\HEMINGMODELINGTOOL\DEBUG\BASECLASS.OBJ
C:\USERS\XUNTER\DOCUMENTS\EDUCATION\MA_DISER\PRACTICE\HEMINGMODELINGTOOL\HEMINGMODELINGTOOL\DEBUG\BINARYMATRIX.OBJ
C:\Users\xunter\Documents\Education\ma_diser\practice\HemingModelingTool\HemingModelingTool\Debug\cl.command.1.tlog
C:\Users\xunter\Documents\Education\ma_diser\practice\HemingModelingTool\HemingModelingTool\Debug\CL.read.1.tlog
C:\Users\xunter\Documents\Education\ma_diser\practice\HemingModelingTool\HemingModelingTool\Debug\CL.write.1.tlog
C:\USERS\XUNTER\DOCUMENTS\EDUCATION\MA_DISER\PRACTICE\HEMINGMODELINGTOOL\HEMINGMODELINGTOOL\DEBUG\CODER.OBJ
C:\USERS\XUNTER\DOCUMENTS\EDUCATION\MA_DISER\PRACTICE\HEMINGMODELINGTOOL\HEMINGMODELINGTOOL\DEBUG\DATABLOCKGENERATOR.OBJ
C:\USERS\XUNTER\DOCUMENTS\EDUCATION\MA_DISER\PRACTICE\HEMINGMODELINGTOOL\HEMINGMODELINGTOOL\DEBUG\FAKECODER.OBJ
C:\Users\xunter\Documents\Education\ma_diser\practice\HemingModelingTool\HemingModelingTool\Debug\HemingModelingTool.exe.embed.manifest
C:\USERS\XUNTER\DOCUMENTS\EDUCATION\MA_DISER\PRACTICE\HEMINGMODELINGTOOL\HEMINGMODELINGTOOL\DEBUG\HEMINGMODELINGTOOL.EXE.EMBED.MANIFEST.RES
C:\USERS\XUNTER\DOCUMENTS\EDUCATION\MA_DISER\PRACTICE\HEMINGMODELINGTOOL\HEMINGMODELINGTOOL\DEBUG\HEMINGMODELINGTOOL.EXE.INTERMEDIATE.MANIFEST
C:\USERS\XUNTER\DOCUMENTS\EDUCATION\MA_DISER\PRACTICE\HEMINGMODELINGTOOL\HEMINGMODELINGTOOL\DEBUG\HEMINGMODELINGTOOL.OBJ
C:\USERS\XUNTER\DOCUMENTS\EDUCATION\MA_DISER\PRACTICE\HEMINGMODELINGTOOL\HEMINGMODELINGTOOL\DEBUG\HEMINGMODELINGTOOL.PCH
C:\Users\xunter\Documents\Education\ma_diser\practice\HemingModelingTool\HemingModelingTool\Debug\HemingModelingTool.vcxprojResolveAssemblyReference.cache
C:\Users\xunter\Documents\Education\ma_diser\practice\HemingModelingTool\HemingModelingTool\Debug\HemingModelingTool.write.1.tlog
C:\Users\xunter\Documents\Education\ma_diser\practice\HemingModelingTool\HemingModelingTool\Debug\HemingModelingTool_manifest.rc
C:\USERS\XUNTER\DOCUMENTS\EDUCATION\MA_DISER\PRACTICE\HEMINGMODELINGTOOL\HEMINGMODELINGTOOL\DEBUG\HEMMINGCODER.OBJ
C:\Users\xunter\Documents\Education\ma_diser\practice\HemingModelingTool\HemingModelingTool\Debug\link.4688.read.1.tlog
C:\Users\xunter\Documents\Education\ma_diser\practice\HemingModelingTool\HemingModelingTool\Debug\link.4688.write.1.tlog
C:\Users\xunter\Documents\Education\ma_diser\practice\HemingModelingTool\HemingModelingTool\Debug\link.4688-cvtres.read.1.tlog
C:\Users\xunter\Documents\Education\ma_diser\practice\HemingModelingTool\HemingModelingTool\Debug\link.4688-cvtres.write.1.tlog
C:\Users\xunter\Documents\Education\ma_diser\practice\HemingModelingTool\HemingModelingTool\Debug\link.6756.read.1.tlog
C:\Users\xunter\Documents\Education\ma_diser\practice\HemingModelingTool\HemingModelingTool\Debug\link.6756.write.1.tlog
C:\Users\xunter\Documents\Education\ma_diser\practice\HemingModelingTool\HemingModelingTool\Debug\link.6756-cvtres.read.1.tlog
C:\Users\xunter\Documents\Education\ma_diser\practice\HemingModelingTool\HemingModelingTool\Debug\link.6756-cvtres.write.1.tlog
C:\Users\xunter\Documents\Education\ma_diser\practice\HemingModelingTool\HemingModelingTool\Debug\link.7576.read.1.tlog
C:\Users\xunter\Documents\Education\ma_diser\practice\HemingModelingTool\HemingModelingTool\Debug\link.7576.write.1.tlog
C:\Users\xunter\Documents\Education\ma_diser\practice\HemingModelingTool\HemingModelingTool\Debug\link.7576-cvtres.read.1.tlog
C:\Users\xunter\Documents\Education\ma_diser\practice\HemingModelingTool\HemingModelingTool\Debug\link.7576-cvtres.write.1.tlog
C:\Users\xunter\Documents\Education\ma_diser\practice\HemingModelingTool\HemingModelingTool\Debug\link.command.1.tlog
C:\Users\xunter\Documents\Education\ma_diser\practice\HemingModelingTool\HemingModelingTool\Debug\link.read.1.tlog
C:\Users\xunter\Documents\Education\ma_diser\practice\HemingModelingTool\HemingModelingTool\Debug\link.write.1.tlog
C:\Users\xunter\Documents\Education\ma_diser\practice\HemingModelingTool\HemingModelingTool\Debug\link-cvtres.read.1.tlog
C:\Users\xunter\Documents\Education\ma_diser\practice\HemingModelingTool\HemingModelingTool\Debug\link-cvtres.write.1.tlog
C:\USERS\XUNTER\DOCUMENTS\EDUCATION\MA_DISER\PRACTICE\HEMINGMODELINGTOOL\HEMINGMODELINGTOOL\DEBUG\MAINENTRYPOINT.OBJ
C:\Users\xunter\Documents\Education\ma_diser\practice\HemingModelingTool\HemingModelingTool\Debug\mt.command.1.tlog
C:\Users\xunter\Documents\Education\ma_diser\practice\HemingModelingTool\HemingModelingTool\Debug\mt.read.1.tlog
C:\Users\xunter\Documents\Education\ma_diser\practice\HemingModelingTool\HemingModelingTool\Debug\mt.write.1.tlog
C:\USERS\XUNTER\DOCUMENTS\EDUCATION\MA_DISER\PRACTICE\HEMINGMODELINGTOOL\HEMINGMODELINGTOOL\DEBUG\PMATRIXCOLGENERATOR.OBJ
C:\USERS\XUNTER\DOCUMENTS\EDUCATION\MA_DISER\PRACTICE\HEMINGMODELINGTOOL\HEMINGMODELINGTOOL\DEBUG\RANDOMDATABLOCKGENERATOR.OBJ
C:\Users\xunter\Documents\Education\ma_diser\practice\HemingModelingTool\HemingModelingTool\Debug\rc.command.1.tlog
C:\Users\xunter\Documents\Education\ma_diser\practice\HemingModelingTool\HemingModelingTool\Debug\rc.read.1.tlog
C:\Users\xunter\Documents\Education\ma_diser\practice\HemingModelingTool\HemingModelingTool\Debug\rc.write.1.tlog
C:\USERS\XUNTER\DOCUMENTS\EDUCATION\MA_DISER\PRACTICE\HEMINGMODELINGTOOL\HEMINGMODELINGTOOL\DEBUG\STDAFX.OBJ
C:\Users\xunter\Documents\Education\ma_diser\practice\HemingModelingTool\HemingModelingTool\Debug\vc100.idb
C:\USERS\XUNTER\DOCUMENTS\EDUCATION\MA_DISER\PRACTICE\HEMINGMODELINGTOOL\HEMINGMODELINGTOOL\DEBUG\VC100.PDB
C:\USERS\XUNTER\DOCUMENTS\VISUAL STUDIO 2010\PROJECTS\MA\HEMING_MODELING_TOOL\DEBUG\HEMINGMODELINGTOOL.EXE
C:\USERS\XUNTER\DOCUMENTS\VISUAL STUDIO 2010\PROJECTS\MA\HEMING_MODELING_TOOL\DEBUG\HEMINGMODELINGTOOL.ILK
C:\USERS\XUNTER\DOCUMENTS\VISUAL STUDIO 2010\PROJECTS\MA\HEMING_MODELING_TOOL\DEBUG\HEMINGMODELINGTOOL.PDB
C:\USERS\XUNTER\DOCUMENTS\VISUAL STUDIO 2010\PROJECTS\MA\HEMING_MODELING_TOOL\HEMINGMODELINGTOOL\DEBUG\BASECLASS.OBJ
C:\USERS\XUNTER\DOCUMENTS\VISUAL STUDIO 2010\PROJECTS\MA\HEMING_MODELING_TOOL\HEMINGMODELINGTOOL\DEBUG\BINARYMATRIX.OBJ
C:\USERS\XUNTER\DOCUMENTS\VISUAL STUDIO 2010\PROJECTS\MA\HEMING_MODELING_TOOL\HEMINGMODELINGTOOL\DEBUG\BYTEUTIL.OBJ
C:\USERS\XUNTER\DOCUMENTS\VISUAL STUDIO 2010\PROJECTS\MA\HEMING_MODELING_TOOL\HEMINGMODELINGTOOL\DEBUG\CODER.OBJ
C:\USERS\XUNTER\DOCUMENTS\VISUAL STUDIO 2010\PROJECTS\MA\HEMING_MODELING_TOOL\HEMINGMODELINGTOOL\DEBUG\DATABLOCKGENERATOR.OBJ
C:\USERS\XUNTER\DOCUMENTS\VISUAL STUDIO 2010\PROJECTS\MA\HEMING_MODELING_TOOL\HEMINGMODELINGTOOL\DEBUG\FAKECODER.OBJ
C:\USERS\XUNTER\DOCUMENTS\VISUAL STUDIO 2010\PROJECTS\MA\HEMING_MODELING_TOOL\HEMINGMODELINGTOOL\DEBUG\HEMINGMODELINGTOOL.EXE.EMBED.MANIFEST
C:\USERS\XUNTER\DOCUMENTS\VISUAL STUDIO 2010\PROJECTS\MA\HEMING_MODELING_TOOL\HEMINGMODELINGTOOL\DEBUG\HEMINGMODELINGTOOL.EXE.EMBED.MANIFEST.RES
C:\USERS\XUNTER\DOCUMENTS\VISUAL STUDIO 2010\PROJECTS\MA\HEMING_MODELING_TOOL\HEMINGMODELINGTOOL\DEBUG\HEMINGMODELINGTOOL.EXE.INTERMEDIATE.MANIFEST
C:\USERS\XUNTER\DOCUMENTS\VISUAL STUDIO 2010\PROJECTS\MA\HEMING_MODELING_TOOL\HEMINGMODELINGTOOL\DEBUG\HEMINGMODELINGTOOL.OBJ
C:\USERS\XUNTER\DOCUMENTS\VISUAL STUDIO 2010\PROJECTS\MA\HEMING_MODELING_TOOL\HEMINGMODELINGTOOL\DEBUG\HEMINGMODELINGTOOL.PCH
C:\USERS\XUNTER\DOCUMENTS\VISUAL STUDIO 2010\PROJECTS\MA\HEMING_MODELING_TOOL\HEMINGMODELINGTOOL\DEBUG\HEMMINGCODER.OBJ
C:\USERS\XUNTER\DOCUMENTS\VISUAL STUDIO 2010\PROJECTS\MA\HEMING_MODELING_TOOL\HEMINGMODELINGTOOL\DEBUG\MAINENTRYPOINT.OBJ
C:\USERS\XUNTER\DOCUMENTS\VISUAL STUDIO 2010\PROJECTS\MA\HEMING_MODELING_TOOL\HEMINGMODELINGTOOL\DEBUG\PMATRIXCOLGENERATOR.OBJ
C:\USERS\XUNTER\DOCUMENTS\VISUAL STUDIO 2010\PROJECTS\MA\HEMING_MODELING_TOOL\HEMINGMODELINGTOOL\DEBUG\RANDOMDATABLOCKGENERATOR.OBJ
C:\USERS\XUNTER\DOCUMENTS\VISUAL STUDIO 2010\PROJECTS\MA\HEMING_MODELING_TOOL\HEMINGMODELINGTOOL\DEBUG\STDAFX.OBJ
C:\USERS\XUNTER\DOCUMENTS\VISUAL STUDIO 2010\PROJECTS\MA\HEMING_MODELING_TOOL\HEMINGMODELINGTOOL\DEBUG\VC100.PDB
