C:\USERS\XUNTER\DOCUMENTS\EDUCATION\MA_DISER\PRACTICE\HEMINGMODELINGTOOL\HEMINGMODELINGTOOL\RELEASE\BASECLASS.OBJ
C:\USERS\XUNTER\DOCUMENTS\EDUCATION\MA_DISER\PRACTICE\HEMINGMODELINGTOOL\HEMINGMODELINGTOOL\RELEASE\BINARYMATRIX.OBJ
C:\USERS\XUNTER\DOCUMENTS\EDUCATION\MA_DISER\PRACTICE\HEMINGMODELINGTOOL\HEMINGMODELINGTOOL\RELEASE\BYTEUTIL.OBJ
C:\Users\xunter\Documents\Education\ma_diser\practice\HemingModelingTool\HemingModelingTool\Release\cl.command.1.tlog
C:\Users\xunter\Documents\Education\ma_diser\practice\HemingModelingTool\HemingModelingTool\Release\CL.read.1.tlog
C:\Users\xunter\Documents\Education\ma_diser\practice\HemingModelingTool\HemingModelingTool\Release\CL.write.1.tlog
C:\USERS\XUNTER\DOCUMENTS\EDUCATION\MA_DISER\PRACTICE\HEMINGMODELINGTOOL\HEMINGMODELINGTOOL\RELEASE\CODER.OBJ
C:\USERS\XUNTER\DOCUMENTS\EDUCATION\MA_DISER\PRACTICE\HEMINGMODELINGTOOL\HEMINGMODELINGTOOL\RELEASE\DATABLOCKGENERATOR.OBJ
C:\USERS\XUNTER\DOCUMENTS\EDUCATION\MA_DISER\PRACTICE\HEMINGMODELINGTOOL\HEMINGMODELINGTOOL\RELEASE\FAKECODER.OBJ
C:\USERS\XUNTER\DOCUMENTS\EDUCATION\MA_DISER\PRACTICE\HEMINGMODELINGTOOL\HEMINGMODELINGTOOL\RELEASE\HEMINGMODELINGTOOL.EXE.INTERMEDIATE.MANIFEST
C:\USERS\XUNTER\DOCUMENTS\EDUCATION\MA_DISER\PRACTICE\HEMINGMODELINGTOOL\HEMINGMODELINGTOOL\RELEASE\HEMINGMODELINGTOOL.PCH
C:\Users\xunter\Documents\Education\ma_diser\practice\HemingModelingTool\HemingModelingTool\Release\HemingModelingTool.vcxprojResolveAssemblyReference.cache
C:\Users\xunter\Documents\Education\ma_diser\practice\HemingModelingTool\HemingModelingTool\Release\HemingModelingTool.write.1.tlog
C:\USERS\XUNTER\DOCUMENTS\EDUCATION\MA_DISER\PRACTICE\HEMINGMODELINGTOOL\HEMINGMODELINGTOOL\RELEASE\HEMMINGCODER.OBJ
C:\Users\xunter\Documents\Education\ma_diser\practice\HemingModelingTool\HemingModelingTool\Release\link.command.1.tlog
C:\Users\xunter\Documents\Education\ma_diser\practice\HemingModelingTool\HemingModelingTool\Release\link.read.1.tlog
C:\Users\xunter\Documents\Education\ma_diser\practice\HemingModelingTool\HemingModelingTool\Release\link.write.1.tlog
C:\USERS\XUNTER\DOCUMENTS\EDUCATION\MA_DISER\PRACTICE\HEMINGMODELINGTOOL\HEMINGMODELINGTOOL\RELEASE\MAINENTRYPOINT.OBJ
C:\USERS\XUNTER\DOCUMENTS\EDUCATION\MA_DISER\PRACTICE\HEMINGMODELINGTOOL\HEMINGMODELINGTOOL\RELEASE\MODELINGENGINE.OBJ
C:\USERS\XUNTER\DOCUMENTS\EDUCATION\MA_DISER\PRACTICE\HEMINGMODELINGTOOL\HEMINGMODELINGTOOL\RELEASE\MODELINGRESULTCONSOLEITEMSTORAGE.OBJ
C:\USERS\XUNTER\DOCUMENTS\EDUCATION\MA_DISER\PRACTICE\HEMINGMODELINGTOOL\HEMINGMODELINGTOOL\RELEASE\MODELINGRESULTITEM.OBJ
C:\USERS\XUNTER\DOCUMENTS\EDUCATION\MA_DISER\PRACTICE\HEMINGMODELINGTOOL\HEMINGMODELINGTOOL\RELEASE\MODELINGRESULTITEMSTORAGE.OBJ
C:\Users\xunter\Documents\Education\ma_diser\practice\HemingModelingTool\HemingModelingTool\Release\mt.command.1.tlog
C:\Users\xunter\Documents\Education\ma_diser\practice\HemingModelingTool\HemingModelingTool\Release\mt.read.1.tlog
C:\Users\xunter\Documents\Education\ma_diser\practice\HemingModelingTool\HemingModelingTool\Release\mt.write.1.tlog
C:\USERS\XUNTER\DOCUMENTS\EDUCATION\MA_DISER\PRACTICE\HEMINGMODELINGTOOL\HEMINGMODELINGTOOL\RELEASE\PMATRIXCOLGENERATOR.OBJ
C:\USERS\XUNTER\DOCUMENTS\EDUCATION\MA_DISER\PRACTICE\HEMINGMODELINGTOOL\HEMINGMODELINGTOOL\RELEASE\RANDOMDATABLOCKGENERATOR.OBJ
C:\USERS\XUNTER\DOCUMENTS\EDUCATION\MA_DISER\PRACTICE\HEMINGMODELINGTOOL\HEMINGMODELINGTOOL\RELEASE\STDAFX.OBJ
C:\USERS\XUNTER\DOCUMENTS\EDUCATION\MA_DISER\PRACTICE\HEMINGMODELINGTOOL\HEMINGMODELINGTOOL\RELEASE\VC100.PDB
C:\USERS\XUNTER\DOCUMENTS\EDUCATION\MA_DISER\PRACTICE\HEMINGMODELINGTOOL\RELEASE\HEMINGMODELINGTOOL.EXE
C:\USERS\XUNTER\DOCUMENTS\EDUCATION\MA_DISER\PRACTICE\HEMINGMODELINGTOOL\RELEASE\HEMINGMODELINGTOOL.PDB
C:\USERS\XUNTER\DOCUMENTS\VISUAL STUDIO 2010\PROJECTS\MA\HEMING_MODELING_TOOL\HEMINGMODELINGTOOL\RELEASE\BASECLASS.OBJ
C:\USERS\XUNTER\DOCUMENTS\VISUAL STUDIO 2010\PROJECTS\MA\HEMING_MODELING_TOOL\HEMINGMODELINGTOOL\RELEASE\BINARYMATRIX.OBJ
C:\USERS\XUNTER\DOCUMENTS\VISUAL STUDIO 2010\PROJECTS\MA\HEMING_MODELING_TOOL\HEMINGMODELINGTOOL\RELEASE\BYTEUTIL.OBJ
C:\USERS\XUNTER\DOCUMENTS\VISUAL STUDIO 2010\PROJECTS\MA\HEMING_MODELING_TOOL\HEMINGMODELINGTOOL\RELEASE\CODER.OBJ
C:\USERS\XUNTER\DOCUMENTS\VISUAL STUDIO 2010\PROJECTS\MA\HEMING_MODELING_TOOL\HEMINGMODELINGTOOL\RELEASE\DATABLOCKGENERATOR.OBJ
C:\USERS\XUNTER\DOCUMENTS\VISUAL STUDIO 2010\PROJECTS\MA\HEMING_MODELING_TOOL\HEMINGMODELINGTOOL\RELEASE\FAKECODER.OBJ
C:\USERS\XUNTER\DOCUMENTS\VISUAL STUDIO 2010\PROJECTS\MA\HEMING_MODELING_TOOL\HEMINGMODELINGTOOL\RELEASE\HEMINGMODELINGTOOL.EXE.INTERMEDIATE.MANIFEST
C:\USERS\XUNTER\DOCUMENTS\VISUAL STUDIO 2010\PROJECTS\MA\HEMING_MODELING_TOOL\HEMINGMODELINGTOOL\RELEASE\HEMINGMODELINGTOOL.PCH
C:\USERS\XUNTER\DOCUMENTS\VISUAL STUDIO 2010\PROJECTS\MA\HEMING_MODELING_TOOL\HEMINGMODELINGTOOL\RELEASE\HEMMINGCODER.OBJ
C:\USERS\XUNTER\DOCUMENTS\VISUAL STUDIO 2010\PROJECTS\MA\HEMING_MODELING_TOOL\HEMINGMODELINGTOOL\RELEASE\MAINENTRYPOINT.OBJ
C:\USERS\XUNTER\DOCUMENTS\VISUAL STUDIO 2010\PROJECTS\MA\HEMING_MODELING_TOOL\HEMINGMODELINGTOOL\RELEASE\MODELINGENGINE.OBJ
C:\USERS\XUNTER\DOCUMENTS\VISUAL STUDIO 2010\PROJECTS\MA\HEMING_MODELING_TOOL\HEMINGMODELINGTOOL\RELEASE\MODELINGRESULTCONSOLEITEMSTORAGE.OBJ
C:\USERS\XUNTER\DOCUMENTS\VISUAL STUDIO 2010\PROJECTS\MA\HEMING_MODELING_TOOL\HEMINGMODELINGTOOL\RELEASE\MODELINGRESULTITEM.OBJ
C:\USERS\XUNTER\DOCUMENTS\VISUAL STUDIO 2010\PROJECTS\MA\HEMING_MODELING_TOOL\HEMINGMODELINGTOOL\RELEASE\MODELINGRESULTITEMSTORAGE.OBJ
C:\USERS\XUNTER\DOCUMENTS\VISUAL STUDIO 2010\PROJECTS\MA\HEMING_MODELING_TOOL\HEMINGMODELINGTOOL\RELEASE\PMATRIXCOLGENERATOR.OBJ
C:\USERS\XUNTER\DOCUMENTS\VISUAL STUDIO 2010\PROJECTS\MA\HEMING_MODELING_TOOL\HEMINGMODELINGTOOL\RELEASE\RANDOMDATABLOCKGENERATOR.OBJ
C:\USERS\XUNTER\DOCUMENTS\VISUAL STUDIO 2010\PROJECTS\MA\HEMING_MODELING_TOOL\HEMINGMODELINGTOOL\RELEASE\STDAFX.OBJ
C:\USERS\XUNTER\DOCUMENTS\VISUAL STUDIO 2010\PROJECTS\MA\HEMING_MODELING_TOOL\HEMINGMODELINGTOOL\RELEASE\VC100.PDB
C:\USERS\XUNTER\DOCUMENTS\VISUAL STUDIO 2010\PROJECTS\MA\HEMING_MODELING_TOOL\RELEASE\HEMINGMODELINGTOOL.EXE
C:\USERS\XUNTER\DOCUMENTS\VISUAL STUDIO 2010\PROJECTS\MA\HEMING_MODELING_TOOL\RELEASE\HEMINGMODELINGTOOL.PDB
